[2019-03-18 23:46:47] request.INFO: Matched route "admin_module_manage". {"route":"admin_module_manage","route_parameters":{"category":null,"keyword":null,"_controller":"PrestaShopBundle\\Controller\\Admin\\Improve\\ModuleController::manageAction","_legacy_controller":"AdminModulesManage","_legacy_link":["AdminModulesManage","AdminModulesSf"],"_route":"admin_module_manage"},"request_uri":"http://localhost/jms_mella/admin538senhgh/index.php/improve/modules/manage?_token=p0oHiVkVKOQMbwAtBcJXzPpJuHjRei9qcyn-aLeVCaE","method":"GET"} []
[2019-03-18 23:46:47] security.INFO: Populated the TokenStorage with an anonymous Token. [] []
[2019-03-18 23:46:52] app.ERROR: Data from PrestaShop Addons is invalid, and cannot fallback on cache.  {"exception":"cURL error 28: Operation timed out after 5008 milliseconds with 1249917087514624 bytes received"} []
[2019-03-18 23:46:53] security.DEBUG: Stored the security token in the session. {"key":"_security_main"} []
[2019-03-18 23:47:02] request.INFO: Matched route "admin_module_notification_count". {"route":"admin_module_notification_count","route_parameters":{"_controller":"PrestaShopBundle\\Controller\\Admin\\Improve\\Modules\\AlertsController::notificationsCountAction","_legacy_controller":"AdminModulesNotifications","_legacy_link":"AdminModulesNotifications:count","_route":"admin_module_notification_count"},"request_uri":"http://localhost/jms_mella/admin538senhgh/index.php/improve/modules/alerts/count?_token=p0oHiVkVKOQMbwAtBcJXzPpJuHjRei9qcyn-aLeVCaE","method":"GET"} []
[2019-03-18 23:47:02] security.DEBUG: Read existing security token from the session. {"key":"_security_main","token_class":"Symfony\\Component\\Security\\Core\\Authentication\\Token\\UsernamePasswordToken"} []
[2019-03-18 23:47:02] security.DEBUG: User was reloaded from a user provider. {"provider":"PrestaShopBundle\\Security\\Admin\\EmployeeProvider","username":"admin@admin.com"} []
[2019-03-18 23:47:07] app.ERROR: Data from PrestaShop Addons is invalid, and cannot fallback on cache.  {"exception":"cURL error 28: Operation timed out after 5007 milliseconds with 553174607855616 bytes received"} []
[2019-03-18 23:47:08] security.DEBUG: Stored the security token in the session. {"key":"_security_main"} []
[2019-03-18 23:51:50] request.INFO: Matched route "admin_module_configure_action". {"route":"admin_module_configure_action","route_parameters":{"_controller":"PrestaShopBundle\\Controller\\Admin\\Improve\\ModuleController::configureModuleAction","_legacy_controller":"AdminModules","module_name":"jmsslider","_route":"admin_module_configure_action"},"request_uri":"http://localhost/jms_mella/admin538senhgh/index.php/improve/modules/manage/action/configure/jmsslider?_token=p0oHiVkVKOQMbwAtBcJXzPpJuHjRei9qcyn-aLeVCaE","method":"GET"} []
[2019-03-18 23:51:50] security.DEBUG: Read existing security token from the session. {"key":"_security_main","token_class":"Symfony\\Component\\Security\\Core\\Authentication\\Token\\UsernamePasswordToken"} []
[2019-03-18 23:51:50] security.DEBUG: User was reloaded from a user provider. {"provider":"PrestaShopBundle\\Security\\Admin\\EmployeeProvider","username":"admin@admin.com"} []
[2019-03-18 23:51:55] app.ERROR: Data from PrestaShop Addons is invalid, and cannot fallback on cache.  {"exception":"cURL error 28: Operation timed out after 5008 milliseconds with 1231298404286464 bytes received"} []
[2019-03-18 23:51:55] security.DEBUG: Stored the security token in the session. {"key":"_security_main"} []
[2019-03-19 00:46:19] request.INFO: Matched route "admin_module_manage". {"route":"admin_module_manage","route_parameters":{"category":null,"keyword":null,"_controller":"PrestaShopBundle\\Controller\\Admin\\Improve\\ModuleController::manageAction","_legacy_controller":"AdminModulesManage","_legacy_link":["AdminModulesManage","AdminModulesSf"],"_route":"admin_module_manage"},"request_uri":"http://localhost/jms_mella/admin538senhgh/index.php/improve/modules/manage?_token=p0oHiVkVKOQMbwAtBcJXzPpJuHjRei9qcyn-aLeVCaE","method":"GET"} []
[2019-03-19 00:46:19] security.DEBUG: Read existing security token from the session. {"key":"_security_main","token_class":"Symfony\\Component\\Security\\Core\\Authentication\\Token\\UsernamePasswordToken"} []
[2019-03-19 00:46:19] security.DEBUG: User was reloaded from a user provider. {"provider":"PrestaShopBundle\\Security\\Admin\\EmployeeProvider","username":"admin@admin.com"} []
[2019-03-19 00:46:24] app.ERROR: Data from PrestaShop Addons is invalid, and cannot fallback on cache.  {"exception":"cURL error 28: Operation timed out after 5007 milliseconds with 1032935339720704 bytes received"} []
[2019-03-19 00:46:24] security.DEBUG: Stored the security token in the session. {"key":"_security_main"} []
[2019-03-19 00:46:26] request.INFO: Matched route "admin_module_notification_count". {"route":"admin_module_notification_count","route_parameters":{"_controller":"PrestaShopBundle\\Controller\\Admin\\Improve\\Modules\\AlertsController::notificationsCountAction","_legacy_controller":"AdminModulesNotifications","_legacy_link":"AdminModulesNotifications:count","_route":"admin_module_notification_count"},"request_uri":"http://localhost/jms_mella/admin538senhgh/index.php/improve/modules/alerts/count?_token=p0oHiVkVKOQMbwAtBcJXzPpJuHjRei9qcyn-aLeVCaE","method":"GET"} []
[2019-03-19 00:46:26] security.DEBUG: Read existing security token from the session. {"key":"_security_main","token_class":"Symfony\\Component\\Security\\Core\\Authentication\\Token\\UsernamePasswordToken"} []
[2019-03-19 00:46:26] security.DEBUG: User was reloaded from a user provider. {"provider":"PrestaShopBundle\\Security\\Admin\\EmployeeProvider","username":"admin@admin.com"} []
[2019-03-19 00:46:31] app.ERROR: Data from PrestaShop Addons is invalid, and cannot fallback on cache.  {"exception":"cURL error 28: Operation timed out after 5008 milliseconds with 873540513431552 bytes received"} []
[2019-03-19 00:46:32] security.DEBUG: Stored the security token in the session. {"key":"_security_main"} []
[2019-03-21 02:44:10] request.INFO: Matched route "admin_module_manage". {"route":"admin_module_manage","route_parameters":{"category":null,"keyword":null,"_controller":"PrestaShopBundle\\Controller\\Admin\\Improve\\ModuleController::manageAction","_legacy_controller":"AdminModulesManage","_legacy_link":["AdminModulesManage","AdminModulesSf"],"_route":"admin_module_manage"},"request_uri":"http://localhost/jms_mella/admin538senhgh/index.php/improve/modules/manage?_token=XHy3iX6AVseoSl8ppQsNkpW9aQ6qW5Xs8Lxt9BRhrOw","method":"GET"} []
[2019-03-21 02:44:10] security.INFO: Populated the TokenStorage with an anonymous Token. [] []
[2019-03-21 02:44:15] app.ERROR: Data from PrestaShop Addons is invalid, and cannot fallback on cache.  {"exception":"cURL error 28: Operation timed out after 5008 milliseconds with 1384091865841664 bytes received"} []
[2019-03-21 02:44:16] security.DEBUG: Stored the security token in the session. {"key":"_security_main"} []
